<?xml version="1.0" encoding="UTF-8"?>
<!-- Generated by org.testng.reporters.JUnitReportReporter -->
<testsuite skipped="0" hostname="Abduls-MacBook-Air.local" name="com.php.qa.testcases.LoginPageTest" tests="3" failures="0" timestamp="23 Apr 2020 07:39:19 GMT" time="29.217" errors="0">
  <testcase name="PageTitleTest" time="10.350" classname="com.php.qa.testcases.LoginPageTest"/>
  <testcase name="LogoTest" time="7.370" classname="com.php.qa.testcases.LoginPageTest"/>
  <testcase name="LoginTest" time="11.497" classname="com.php.qa.testcases.LoginPageTest"/>
</testsuite> <!-- com.php.qa.testcases.LoginPageTest -->
