<?xml version="1.0" encoding="UTF-8"?>
<!-- Generated by org.testng.reporters.JUnitReportReporter -->
<testsuite skipped="0" hostname="Abduls-MacBook-Air.local" name="com.php.qa.testcases.DemoLoginPage" tests="1" failures="0" timestamp="24 Apr 2020 07:57:46 GMT" time="12.582" errors="0">
  <testcase name="LoginTest" time="12.582" classname="com.php.qa.testcases.DemoLoginPage"/>
</testsuite> <!-- com.php.qa.testcases.DemoLoginPage -->
