<?xml version="1.0" encoding="UTF-8"?>
<!-- Generated by org.testng.reporters.JUnitReportReporter -->
<testsuite skipped="0" hostname="Abduls-MacBook-Air.local" name="com.php.qa.testcases.ContactPageTest" tests="1" failures="0" timestamp="19 Apr 2020 09:00:45 GMT" time="19.190" errors="0">
  <testcase name="alertTest" time="19.190" classname="com.php.qa.testcases.ContactPageTest"/>
</testsuite> <!-- com.php.qa.testcases.ContactPageTest -->
